 sudo python3 -m pip install aws-cdk-lib
 1921  sudo npm install -g aws-cdk
 1923  cdk version
 1924  npm install -g npm@latest
 1925  sudo npm install -g npm@latest

 2046  mkdir hello-cdk
 2047  cd hello-cdk/
 2048  cdk init app --language python
 2049  source .venv/bin/activate
 2050  python -m pip install -r requirements.txt
 2051  python3 -m pip install -r requirements.txt
 2052  cdk ls
 2053  code .
 2054  cd ..
 2055  lp
 2056  mkdir awscdk
 2057  cd aws
 2058  cd awscdk/
 2059  history | tail -50
 2060  cdk init app --language python
# in ubuntu this is needed
 2062  sudo apt install python3.9-venv
 2063  python3 -m venv .venv
 2064  source .venv/bin/activate
 2065  python3 -m pip install -r requirements.txt
 2066  cdk ls
 2067  code .
 2068  cdk synth
 2069  cdk deploy

$ cdk synth
!!!!!!!!!!!!!!!!!!!!!!!!!!!!!!!!!!!!!!!!!!!!!!!!!!!!!!!!!!!!!!!!!!!!!!!!!!!!!!!!
!!                                                                            !!
!!  Node 17 has reached end-of-life on 2022-06-01 and is not supported.       !!
!!  Please upgrade to a supported node version as soon as possible.           !!
!!                                                                            !!
!!  This software is currently running on node v17.9.0.                       !!
!!  As of the current release of this software, supported node releases are:  !!
!!  - ^18.0.0 (Planned end-of-life: 2025-04-30)                               !!
!!  - ^16.3.0 (Planned end-of-life: 2024-04-30)                               !!
!!  - ^14.5.0 (Planned end-of-life: 2023-04-30)                               !!
!!                                                                            !!
!!!!!!!!!!!!!!!!!!!!!!!!!!!!!!!!!!!!!!!!!!!!!!!!!!!!!!!!!!!!!!!!!!!!!!!!!!!!!!!!
b'!!!!!!!!!!!!!!!!!!!!!!!!!!!!!!!!!!!!!!!!!!!!!!!!!!!!!!!!!!!!!!!!!!!!!!!!!!!!!!!!\n'
b'!!                                                                            !!\n'
b'!!  Node 17 has reached end-of-life on 2022-06-01 and is not supported.       !!\n'
b'!!  Please upgrade to a supported node version as soon as possible.           !!\n'
b'!!                                                                            !!\n'
b'!!  This software is currently running on node v17.9.0.                       !!\n'
b'!!  As of the current release of this software, supported node releases are:  !!\n'
b'!!  - ^18.0.0 (Planned end-of-life: 2025-04-30)                               !!\n'
b'!!  - ^16.3.0 (Planned end-of-life: 2024-04-30)                               !!\n'
b'!!  - ^14.5.0 (Planned end-of-life: 2023-04-30)                               !!\n'
b'!!                                                                            !!\n'
b'!!!!!!!!!!!!!!!!!!!!!!!!!!!!!!!!!!!!!!!!!!!!!!!!!!!!!!!!!!!!!!!!!!!!!!!!!!!!!!!!\n'
Resources:
  MyFirstBucketB8884501:
    Type: AWS::S3::Bucket
    Properties:
      VersioningConfiguration:
        Status: Enabled
    UpdateReplacePolicy: Retain
    DeletionPolicy: Retain
    Metadata:
      aws:cdk:path: AwscdkStack/MyFirstBucket/Resource
  CDKMetadata:
    Type: AWS::CDK::Metadata
    Properties:
      Analytics: v2:deflate64:H4sIAAAAAAAA/yXI0QpAMBSA4Wdxvx0iyS0vIB5AzOQYZ7WdJcm7I1f/159CWkASDYeXajJywxGujgdlxLt6n8FVBWU0i3qmX/fHVnsbnNKfa0sTMlq6RXPyYinOoIQ8Wj2idIEYdw3t3wdyVYK2bwAAAA==
    Metadata:
      aws:cdk:path: AwscdkStack/CDKMetadata/Default
    Condition: CDKMetadataAvailable
Conditions:
  CDKMetadataAvailable:
    Fn::Or:
      - Fn::Or:
          - Fn::Equals:
              - Ref: AWS::Region
              - af-south-1
          - Fn::Equals:
              - Ref: AWS::Region
              - ap-east-1
          - Fn::Equals:
              - Ref: AWS::Region
              - ap-northeast-1
          - Fn::Equals:
              - Ref: AWS::Region
              - ap-northeast-2
          - Fn::Equals:
              - Ref: AWS::Region
              - ap-south-1
          - Fn::Equals:
              - Ref: AWS::Region
              - ap-southeast-1
          - Fn::Equals:
              - Ref: AWS::Region
              - ap-southeast-2
          - Fn::Equals:
              - Ref: AWS::Region
              - ca-central-1
          - Fn::Equals:
              - Ref: AWS::Region
              - cn-north-1
          - Fn::Equals:
              - Ref: AWS::Region
              - cn-northwest-1
      - Fn::Or:
          - Fn::Equals:
              - Ref: AWS::Region
              - eu-central-1
          - Fn::Equals:
              - Ref: AWS::Region
              - eu-north-1
          - Fn::Equals:
              - Ref: AWS::Region
              - eu-south-1
          - Fn::Equals:
              - Ref: AWS::Region
              - eu-west-1
          - Fn::Equals:
              - Ref: AWS::Region
              - eu-west-2
          - Fn::Equals:
              - Ref: AWS::Region
              - eu-west-3
          - Fn::Equals:
              - Ref: AWS::Region
              - me-south-1
          - Fn::Equals:
              - Ref: AWS::Region
              - sa-east-1
          - Fn::Equals:
              - Ref: AWS::Region
              - us-east-1
          - Fn::Equals:
              - Ref: AWS::Region
              - us-east-2
      - Fn::Or:
          - Fn::Equals:
              - Ref: AWS::Region
              - us-west-1
          - Fn::Equals:
              - Ref: AWS::Region
              - us-west-2
Parameters:
  BootstrapVersion:
    Type: AWS::SSM::Parameter::Value<String>
    Default: /cdk-bootstrap/hnb659fds/version
    Description: Version of the CDK Bootstrap resources in this environment, automatically retrieved from SSM Parameter Store. [cdk:skip]
Rules:
  CheckBootstrapVersion:
    Assertions:
      - Assert:
          Fn::Not:
            - Fn::Contains:
                - - "1"
                  - "2"
                  - "3"
                  - "4"
                  - "5"
                - Ref: BootstrapVersion
        AssertDescription: CDK bootstrap stack version 6 required. Please run 'cdk bootstrap' with a recent version of the CDK CLI.



$ cdk bootstrap
!!!!!!!!!!!!!!!!!!!!!!!!!!!!!!!!!!!!!!!!!!!!!!!!!!!!!!!!!!!!!!!!!!!!!!!!!!!!!!!!
!!                                                                            !!
!!  Node 17 has reached end-of-life on 2022-06-01 and is not supported.       !!
!!  Please upgrade to a supported node version as soon as possible.           !!
!!                                                                            !!
!!  This software is currently running on node v17.9.0.                       !!
!!  As of the current release of this software, supported node releases are:  !!
!!  - ^18.0.0 (Planned end-of-life: 2025-04-30)                               !!
!!  - ^16.3.0 (Planned end-of-life: 2024-04-30)                               !!
!!  - ^14.5.0 (Planned end-of-life: 2023-04-30)                               !!
!!                                                                            !!
!!!!!!!!!!!!!!!!!!!!!!!!!!!!!!!!!!!!!!!!!!!!!!!!!!!!!!!!!!!!!!!!!!!!!!!!!!!!!!!!
b'!!!!!!!!!!!!!!!!!!!!!!!!!!!!!!!!!!!!!!!!!!!!!!!!!!!!!!!!!!!!!!!!!!!!!!!!!!!!!!!!\n'
b'!!                                                                            !!\n'
b'!!  Node 17 has reached end-of-life on 2022-06-01 and is not supported.       !!\n'
b'!!  Please upgrade to a supported node version as soon as possible.           !!\n'
b'!!                                                                            !!\n'
b'!!  This software is currently running on node v17.9.0.                       !!\n'
b'!!  As of the current release of this software, supported node releases are:  !!\n'
b'!!  - ^18.0.0 (Planned end-of-life: 2025-04-30)                               !!\n'
b'!!  - ^16.3.0 (Planned end-of-life: 2024-04-30)                               !!\n'
b'!!  - ^14.5.0 (Planned end-of-life: 2023-04-30)                               !!\n'
b'!!                                                                            !!\n'
b'!!!!!!!!!!!!!!!!!!!!!!!!!!!!!!!!!!!!!!!!!!!!!!!!!!!!!!!!!!!!!!!!!!!!!!!!!!!!!!!!\n'
 ⏳  Bootstrapping environment aws://887240339268/us-west-2...
Trusted accounts for deployment: (none)
Trusted accounts for lookup: (none)
Using default execution policy of 'arn:aws:iam::aws:policy/AdministratorAccess'. Pass '--cloudformation-execution-policies' to customize.
CDKToolkit: creating CloudFormation changeset...
 ✅  Environment aws://887240339268/us-west-2 bootstrapped.

infracloud@saravanan-gnanaguru:~/awscdk$ aws s3 ls
2022-06-08 14:35:15 cdk-hnb659fds-assets-887240339268-us-west-2
2019-09-30 17:59:24 tamilfacts-deployments-mobilehub-963298591
2019-09-30 18:00:37 tamilfacts-hosting-mobilehub-963298591
infracloud@saravanan-gnanaguru:~/awscdk$ 
infracloud@saravanan-gnanaguru:~/awscdk$ 
infracloud@saravanan-gnanaguru:~/awscdk$ cdk diff
!!!!!!!!!!!!!!!!!!!!!!!!!!!!!!!!!!!!!!!!!!!!!!!!!!!!!!!!!!!!!!!!!!!!!!!!!!!!!!!!
!!                                                                            !!
!!  Node 17 has reached end-of-life on 2022-06-01 and is not supported.       !!
!!  Please upgrade to a supported node version as soon as possible.           !!
!!                                                                            !!
!!  This software is currently running on node v17.9.0.                       !!
!!  As of the current release of this software, supported node releases are:  !!
!!  - ^18.0.0 (Planned end-of-life: 2025-04-30)                               !!
!!  - ^16.3.0 (Planned end-of-life: 2024-04-30)                               !!
!!  - ^14.5.0 (Planned end-of-life: 2023-04-30)                               !!
!!                                                                            !!
!!!!!!!!!!!!!!!!!!!!!!!!!!!!!!!!!!!!!!!!!!!!!!!!!!!!!!!!!!!!!!!!!!!!!!!!!!!!!!!!
b'!!!!!!!!!!!!!!!!!!!!!!!!!!!!!!!!!!!!!!!!!!!!!!!!!!!!!!!!!!!!!!!!!!!!!!!!!!!!!!!!\n'
b'!!                                                                            !!\n'
b'!!  Node 17 has reached end-of-life on 2022-06-01 and is not supported.       !!\n'
b'!!  Please upgrade to a supported node version as soon as possible.           !!\n'
b'!!                                                                            !!\n'
b'!!  This software is currently running on node v17.9.0.                       !!\n'
b'!!  As of the current release of this software, supported node releases are:  !!\n'
b'!!  - ^18.0.0 (Planned end-of-life: 2025-04-30)                               !!\n'
b'!!  - ^16.3.0 (Planned end-of-life: 2024-04-30)                               !!\n'
b'!!  - ^14.5.0 (Planned end-of-life: 2023-04-30)                               !!\n'
b'!!                                                                            !!\n'
b'!!!!!!!!!!!!!!!!!!!!!!!!!!!!!!!!!!!!!!!!!!!!!!!!!!!!!!!!!!!!!!!!!!!!!!!!!!!!!!!!\n'
Stack AwscdkStack
IAM Statement Changes
┌───┬───────────────────────────────────────────────────────────────┬────────┬───────────────────────────────────────┬───────────────────────────────────────────────────────────────────┬───────────┐
│   │ Resource                                                      │ Effect │ Action                                │ Principal                                                         │ Condition │
├───┼───────────────────────────────────────────────────────────────┼────────┼───────────────────────────────────────┼───────────────────────────────────────────────────────────────────┼───────────┤
│ + │ ${Custom::S3AutoDeleteObjectsCustomResourceProvider/Role.Arn} │ Allow  │ sts:AssumeRole                        │ Service:lambda.amazonaws.com                                      │           │
├───┼───────────────────────────────────────────────────────────────┼────────┼───────────────────────────────────────┼───────────────────────────────────────────────────────────────────┼───────────┤
│ + │ ${MyFirstBucket.Arn}                                          │ Allow  │ s3:DeleteObject*                      │ AWS:${Custom::S3AutoDeleteObjectsCustomResourceProvider/Role.Arn} │           │
│   │ ${MyFirstBucket.Arn}/*                                        │        │ s3:GetBucket*                         │                                                                   │           │
│   │                                                               │        │ s3:List*                              │                                                                   │           │
└───┴───────────────────────────────────────────────────────────────┴────────┴───────────────────────────────────────┴───────────────────────────────────────────────────────────────────┴───────────┘
IAM Policy Changes
┌───┬───────────────────────────────────────────────────────────┬──────────────────────────────────────────────────────────────────────────────────────────────┐
│   │ Resource                                                  │ Managed Policy ARN                                                                           │
├───┼───────────────────────────────────────────────────────────┼──────────────────────────────────────────────────────────────────────────────────────────────┤
│ + │ ${Custom::S3AutoDeleteObjectsCustomResourceProvider/Role} │ {"Fn::Sub":"arn:${AWS::Partition}:iam::aws:policy/service-role/AWSLambdaBasicExecutionRole"} │
└───┴───────────────────────────────────────────────────────────┴──────────────────────────────────────────────────────────────────────────────────────────────┘
(NOTE: There may be security-related changes not in this list. See https://github.com/aws/aws-cdk/issues/1299)

Parameters
[+] Parameter BootstrapVersion BootstrapVersion: {"Type":"AWS::SSM::Parameter::Value<String>","Default":"/cdk-bootstrap/hnb659fds/version","Description":"Version of the CDK Bootstrap resources in this environment, automatically retrieved from SSM Parameter Store. [cdk:skip]"}

Conditions
[+] Condition CDKMetadata/Condition CDKMetadataAvailable: {"Fn::Or":[{"Fn::Or":[{"Fn::Equals":[{"Ref":"AWS::Region"},"af-south-1"]},{"Fn::Equals":[{"Ref":"AWS::Region"},"ap-east-1"]},{"Fn::Equals":[{"Ref":"AWS::Region"},"ap-northeast-1"]},{"Fn::Equals":[{"Ref":"AWS::Region"},"ap-northeast-2"]},{"Fn::Equals":[{"Ref":"AWS::Region"},"ap-south-1"]},{"Fn::Equals":[{"Ref":"AWS::Region"},"ap-southeast-1"]},{"Fn::Equals":[{"Ref":"AWS::Region"},"ap-southeast-2"]},{"Fn::Equals":[{"Ref":"AWS::Region"},"ca-central-1"]},{"Fn::Equals":[{"Ref":"AWS::Region"},"cn-north-1"]},{"Fn::Equals":[{"Ref":"AWS::Region"},"cn-northwest-1"]}]},{"Fn::Or":[{"Fn::Equals":[{"Ref":"AWS::Region"},"eu-central-1"]},{"Fn::Equals":[{"Ref":"AWS::Region"},"eu-north-1"]},{"Fn::Equals":[{"Ref":"AWS::Region"},"eu-south-1"]},{"Fn::Equals":[{"Ref":"AWS::Region"},"eu-west-1"]},{"Fn::Equals":[{"Ref":"AWS::Region"},"eu-west-2"]},{"Fn::Equals":[{"Ref":"AWS::Region"},"eu-west-3"]},{"Fn::Equals":[{"Ref":"AWS::Region"},"me-south-1"]},{"Fn::Equals":[{"Ref":"AWS::Region"},"sa-east-1"]},{"Fn::Equals":[{"Ref":"AWS::Region"},"us-east-1"]},{"Fn::Equals":[{"Ref":"AWS::Region"},"us-east-2"]}]},{"Fn::Or":[{"Fn::Equals":[{"Ref":"AWS::Region"},"us-west-1"]},{"Fn::Equals":[{"Ref":"AWS::Region"},"us-west-2"]}]}]}

Resources
[+] AWS::S3::Bucket MyFirstBucket MyFirstBucketB8884501 
[+] AWS::S3::BucketPolicy MyFirstBucket/Policy MyFirstBucketPolicy3243DEFD 
[+] Custom::S3AutoDeleteObjects MyFirstBucket/AutoDeleteObjectsCustomResource MyFirstBucketAutoDeleteObjectsCustomResourceC52FCF6E 
[+] AWS::IAM::Role Custom::S3AutoDeleteObjectsCustomResourceProvider/Role CustomS3AutoDeleteObjectsCustomResourceProviderRole3B1BD092 
[+] AWS::Lambda::Function Custom::S3AutoDeleteObjectsCustomResourceProvider/Handler CustomS3AutoDeleteObjectsCustomResourceProviderHandler9D90184F 

Other Changes
[+] Unknown Rules: {"CheckBootstrapVersion":{"Assertions":[{"Assert":{"Fn::Not":[{"Fn::Contains":[["1","2","3","4","5"],{"Ref":"BootstrapVersion"}]}]},"AssertDescription":"CDK bootstrap stack version 6 required. Please run 'cdk bootstrap' with a recent version of the CDK CLI."}]}}


infracloud@saravanan-gnanaguru:~/awscdk$ cdk deploy
!!!!!!!!!!!!!!!!!!!!!!!!!!!!!!!!!!!!!!!!!!!!!!!!!!!!!!!!!!!!!!!!!!!!!!!!!!!!!!!!
!!                                                                            !!
!!  Node 17 has reached end-of-life on 2022-06-01 and is not supported.       !!
!!  Please upgrade to a supported node version as soon as possible.           !!
!!                                                                            !!
!!  This software is currently running on node v17.9.0.                       !!
!!  As of the current release of this software, supported node releases are:  !!
!!  - ^18.0.0 (Planned end-of-life: 2025-04-30)                               !!
!!  - ^16.3.0 (Planned end-of-life: 2024-04-30)                               !!
!!  - ^14.5.0 (Planned end-of-life: 2023-04-30)                               !!
!!                                                                            !!
!!!!!!!!!!!!!!!!!!!!!!!!!!!!!!!!!!!!!!!!!!!!!!!!!!!!!!!!!!!!!!!!!!!!!!!!!!!!!!!!
b'!!!!!!!!!!!!!!!!!!!!!!!!!!!!!!!!!!!!!!!!!!!!!!!!!!!!!!!!!!!!!!!!!!!!!!!!!!!!!!!!\n'
b'!!                                                                            !!\n'
b'!!  Node 17 has reached end-of-life on 2022-06-01 and is not supported.       !!\n'
b'!!  Please upgrade to a supported node version as soon as possible.           !!\n'
b'!!                                                                            !!\n'
b'!!  This software is currently running on node v17.9.0.                       !!\n'
b'!!  As of the current release of this software, supported node releases are:  !!\n'
b'!!  - ^18.0.0 (Planned end-of-life: 2025-04-30)                               !!\n'
b'!!  - ^16.3.0 (Planned end-of-life: 2024-04-30)                               !!\n'
b'!!  - ^14.5.0 (Planned end-of-life: 2023-04-30)                               !!\n'
b'!!                                                                            !!\n'
b'!!!!!!!!!!!!!!!!!!!!!!!!!!!!!!!!!!!!!!!!!!!!!!!!!!!!!!!!!!!!!!!!!!!!!!!!!!!!!!!!\n'

✨  Synthesis time: 3.83s

This deployment will make potentially sensitive changes according to your current security approval level (--require-approval broadening).
Please confirm you intend to make the following modifications:

IAM Statement Changes
┌───┬───────────────────────────────────────────────────────────────┬────────┬───────────────────────────────────────┬───────────────────────────────────────────────────────────────────┬───────────┐
│   │ Resource                                                      │ Effect │ Action                                │ Principal                                                         │ Condition │
├───┼───────────────────────────────────────────────────────────────┼────────┼───────────────────────────────────────┼───────────────────────────────────────────────────────────────────┼───────────┤
│ + │ ${Custom::S3AutoDeleteObjectsCustomResourceProvider/Role.Arn} │ Allow  │ sts:AssumeRole                        │ Service:lambda.amazonaws.com                                      │           │
├───┼───────────────────────────────────────────────────────────────┼────────┼───────────────────────────────────────┼───────────────────────────────────────────────────────────────────┼───────────┤
│ + │ ${MyFirstBucket.Arn}                                          │ Allow  │ s3:DeleteObject*                      │ AWS:${Custom::S3AutoDeleteObjectsCustomResourceProvider/Role.Arn} │           │
│   │ ${MyFirstBucket.Arn}/*                                        │        │ s3:GetBucket*                         │                                                                   │           │
│   │                                                               │        │ s3:List*                              │                                                                   │           │
└───┴───────────────────────────────────────────────────────────────┴────────┴───────────────────────────────────────┴───────────────────────────────────────────────────────────────────┴───────────┘
IAM Policy Changes
┌───┬───────────────────────────────────────────────────────────┬──────────────────────────────────────────────────────────────────────────────────────────────┐
│   │ Resource                                                  │ Managed Policy ARN                                                                           │
├───┼───────────────────────────────────────────────────────────┼──────────────────────────────────────────────────────────────────────────────────────────────┤
│ + │ ${Custom::S3AutoDeleteObjectsCustomResourceProvider/Role} │ {"Fn::Sub":"arn:${AWS::Partition}:iam::aws:policy/service-role/AWSLambdaBasicExecutionRole"} │
└───┴───────────────────────────────────────────────────────────┴──────────────────────────────────────────────────────────────────────────────────────────────┘
(NOTE: There may be security-related changes not in this list. See https://github.com/aws/aws-cdk/issues/1299)

Do you wish to deploy these changes (y/n)? y
AwscdkStack: deploying...
[0%] start: Publishing 0758db37a61ce7177f50559cad0340df233a2001b5880615afa517203dd67c21:current_account-current_region
[0%] start: Publishing 45cb0b586bf890e7f0b2e5a459103b7ad686be72fab3e30b6400895ee28d0614:current_account-current_region
[50%] success: Published 0758db37a61ce7177f50559cad0340df233a2001b5880615afa517203dd67c21:current_account-current_region
[100%] success: Published 45cb0b586bf890e7f0b2e5a459103b7ad686be72fab3e30b6400895ee28d0614:current_account-current_region
AwscdkStack: creating CloudFormation changeset...

 ✅  AwscdkStack

✨  Deployment time: 77.86s

Stack ARN:
arn:aws:cloudformation:us-west-2:887240339268:stack/AwscdkStack/398ef750-e70b-11ec-b89d-021a55f488dd

✨  Total time: 81.69s


infracloud@saravanan-gnanaguru:~/awscdk$ 

